2021-01-16 09:19:02.574  INFO 7428 --- [main] bookstore.BookstoreApplication           : Starting BookstoreApplication using Java 1.8.0_111 on DESKTOP-P7427M3 with PID 7428 (C:\Users\ASUS\Desktop\Bookstore2.0\target\classes started by ASUS in C:\Users\ASUS\Desktop\Bookstore2.0)
2021-01-16 09:19:02.582  INFO 7428 --- [main] bookstore.BookstoreApplication           : No active profile set, falling back to default profiles: default
2021-01-16 09:19:03.936  INFO 7428 --- [main] .s.d.r.c.RepositoryConfigurationDelegate : Bootstrapping Spring Data JPA repositories in DEFAULT mode.
2021-01-16 09:19:04.024  INFO 7428 --- [main] .s.d.r.c.RepositoryConfigurationDelegate : Finished Spring Data repository scanning in 75 ms. Found 2 JPA repository interfaces.
2021-01-16 09:19:04.869  INFO 7428 --- [main] o.s.b.w.embedded.tomcat.TomcatWebServer  : Tomcat initialized with port(s): 8090 (http)
2021-01-16 09:19:04.885  INFO 7428 --- [main] o.apache.catalina.core.StandardService   : Starting service [Tomcat]
2021-01-16 09:19:04.886  INFO 7428 --- [main] org.apache.catalina.core.StandardEngine  : Starting Servlet engine: [Apache Tomcat/9.0.41]
2021-01-16 09:19:05.034  INFO 7428 --- [main] o.a.c.c.C.[.[localhost].[/SpringMVC]     : Initializing Spring embedded WebApplicationContext
2021-01-16 09:19:05.034  INFO 7428 --- [main] w.s.c.ServletWebServerApplicationContext : Root WebApplicationContext: initialization completed in 2343 ms
2021-01-16 09:19:05.501  INFO 7428 --- [main] o.hibernate.jpa.internal.util.LogHelper  : HHH000204: Processing PersistenceUnitInfo [name: default]
2021-01-16 09:19:05.564  INFO 7428 --- [main] org.hibernate.Version                    : HHH000412: Hibernate ORM core version 5.4.25.Final
2021-01-16 09:19:05.848  INFO 7428 --- [main] o.hibernate.annotations.common.Version   : HCANN000001: Hibernate Commons Annotations {5.1.2.Final}
2021-01-16 09:19:05.982  INFO 7428 --- [main] com.zaxxer.hikari.HikariDataSource       : HikariPool-1 - Starting...
2021-01-16 09:19:06.353  INFO 7428 --- [main] com.zaxxer.hikari.HikariDataSource       : HikariPool-1 - Start completed.
2021-01-16 09:19:06.368  INFO 7428 --- [main] org.hibernate.dialect.Dialect            : HHH000400: Using dialect: org.hibernate.dialect.MySQL5Dialect
2021-01-16 09:19:07.542  INFO 7428 --- [main] o.h.e.t.j.p.i.JtaPlatformInitiator       : HHH000490: Using JtaPlatform implementation: [org.hibernate.engine.transaction.jta.platform.internal.NoJtaPlatform]
2021-01-16 09:19:07.550  INFO 7428 --- [main] j.LocalContainerEntityManagerFactoryBean : Initialized JPA EntityManagerFactory for persistence unit 'default'
2021-01-16 09:19:08.320  WARN 7428 --- [main] JpaBaseConfiguration$JpaWebConfiguration : spring.jpa.open-in-view is enabled by default. Therefore, database queries may be performed during view rendering. Explicitly configure spring.jpa.open-in-view to disable this warning
2021-01-16 09:19:08.474  INFO 7428 --- [main] o.s.s.concurrent.ThreadPoolTaskExecutor  : Initializing ExecutorService 'applicationTaskExecutor'
2021-01-16 09:19:08.798  INFO 7428 --- [main] o.s.b.w.embedded.tomcat.TomcatWebServer  : Tomcat started on port(s): 8090 (http) with context path '/SpringMVC'
2021-01-16 09:19:08.810  INFO 7428 --- [main] bookstore.BookstoreApplication           : Started BookstoreApplication in 6.755 seconds (JVM running for 7.555)
2021-01-16 09:20:40.199  INFO 7428 --- [http-nio-8090-exec-2] o.a.c.c.C.[.[localhost].[/SpringMVC]     : Initializing Spring DispatcherServlet 'dispatcherServlet'
2021-01-16 09:20:40.199  INFO 7428 --- [http-nio-8090-exec-2] o.s.web.servlet.DispatcherServlet        : Initializing Servlet 'dispatcherServlet'
2021-01-16 09:20:40.201  INFO 7428 --- [http-nio-8090-exec-2] o.s.web.servlet.DispatcherServlet        : Completed initialization in 1 ms
2021-01-16 09:24:39.101  INFO 11600 --- [main] bookstore.BookstoreApplicationTests      : Starting BookstoreApplicationTests using Java 1.8.0_111 on DESKTOP-P7427M3 with PID 11600 (started by ASUS in C:\Users\ASUS\Desktop\Bookstore2.0)
2021-01-16 09:24:39.103  INFO 11600 --- [main] bookstore.BookstoreApplicationTests      : No active profile set, falling back to default profiles: default
2021-01-16 09:24:39.954  INFO 11600 --- [main] .s.d.r.c.RepositoryConfigurationDelegate : Bootstrapping Spring Data JPA repositories in DEFAULT mode.
2021-01-16 09:24:40.069  INFO 11600 --- [main] .s.d.r.c.RepositoryConfigurationDelegate : Finished Spring Data repository scanning in 98 ms. Found 2 JPA repository interfaces.
2021-01-16 09:24:40.945  INFO 11600 --- [main] o.hibernate.jpa.internal.util.LogHelper  : HHH000204: Processing PersistenceUnitInfo [name: default]
2021-01-16 09:24:41.006  INFO 11600 --- [main] org.hibernate.Version                    : HHH000412: Hibernate ORM core version 5.4.25.Final
2021-01-16 09:24:41.167  INFO 11600 --- [main] o.hibernate.annotations.common.Version   : HCANN000001: Hibernate Commons Annotations {5.1.2.Final}
2021-01-16 09:24:41.580  INFO 11600 --- [main] com.zaxxer.hikari.HikariDataSource       : HikariPool-1 - Starting...
2021-01-16 09:24:41.920  INFO 11600 --- [main] com.zaxxer.hikari.HikariDataSource       : HikariPool-1 - Start completed.
2021-01-16 09:24:41.939  INFO 11600 --- [main] org.hibernate.dialect.Dialect            : HHH000400: Using dialect: org.hibernate.dialect.MySQL5Dialect
2021-01-16 09:24:42.914  INFO 11600 --- [main] o.h.e.t.j.p.i.JtaPlatformInitiator       : HHH000490: Using JtaPlatform implementation: [org.hibernate.engine.transaction.jta.platform.internal.NoJtaPlatform]
2021-01-16 09:24:42.938  INFO 11600 --- [main] j.LocalContainerEntityManagerFactoryBean : Initialized JPA EntityManagerFactory for persistence unit 'default'
2021-01-16 09:24:44.094  WARN 11600 --- [main] JpaBaseConfiguration$JpaWebConfiguration : spring.jpa.open-in-view is enabled by default. Therefore, database queries may be performed during view rendering. Explicitly configure spring.jpa.open-in-view to disable this warning
2021-01-16 09:24:44.636  INFO 11600 --- [main] o.s.s.concurrent.ThreadPoolTaskExecutor  : Initializing ExecutorService 'applicationTaskExecutor'
2021-01-16 09:24:45.311  INFO 11600 --- [main] bookstore.BookstoreApplicationTests      : Started BookstoreApplicationTests in 6.672 seconds (JVM running for 7.887)
2021-01-16 09:24:47.482  INFO 11600 --- [main] bookstore.service.Impl.UserServiceImpl   : veuillez passer une commande
2021-01-16 09:24:47.709  INFO 11600 --- [main] bookstore.service.Impl.UserServiceImpl   : reclamation +++ :bookstore.entities.Reclamation@2e1ba142
2021-01-16 09:24:47.719  INFO 11600 --- [main] bookstore.service.Impl.UserServiceImpl   : reclamation +++ :bookstore.entities.Reclamation@629cbb1
2021-01-16 09:24:47.720  INFO 11600 --- [main] bookstore.service.Impl.UserServiceImpl   : reclamation : bookstore.entities.Reclamation@629cbb1
2021-01-16 09:24:47.857  INFO 11600 --- [main] bookstore.service.Impl.UserServiceImpl   : reclamation envoyée
2021-01-16 09:24:47.886  INFO 11600 --- [main] bookstore.service.Impl.UserServiceImpl   : reclamation +++ :bookstore.entities.Reclamation@7ac685ef
2021-01-16 09:24:47.887  INFO 11600 --- [main] bookstore.service.Impl.UserServiceImpl   : reclamation +++ :bookstore.entities.Reclamation@223cbf0d
2021-01-16 09:24:47.989  INFO 11600 --- [SpringContextShutdownHook] o.s.s.concurrent.ThreadPoolTaskExecutor  : Shutting down ExecutorService 'applicationTaskExecutor'
2021-01-16 09:24:47.990  INFO 11600 --- [SpringContextShutdownHook] j.LocalContainerEntityManagerFactoryBean : Closing JPA EntityManagerFactory for persistence unit 'default'
2021-01-16 09:24:48.011  INFO 11600 --- [SpringContextShutdownHook] com.zaxxer.hikari.HikariDataSource       : HikariPool-1 - Shutdown initiated...
2021-01-16 09:24:48.250  INFO 11600 --- [SpringContextShutdownHook] com.zaxxer.hikari.HikariDataSource       : HikariPool-1 - Shutdown completed.
